c:\users\win\desktop\game project\mario_bros3\mario_bros3\x64\debug\vc142.pdb
c:\users\win\desktop\game project\mario_bros3\mario_bros3\x64\debug\vc142.idb
c:\users\win\desktop\game project\mario_bros3\mario_bros3\x64\debug\textures.obj
c:\users\win\desktop\game project\mario_bros3\mario_bros3\x64\debug\sprites.obj
c:\users\win\desktop\game project\mario_bros3\mario_bros3\x64\debug\sprite.obj
c:\users\win\desktop\game project\mario_bros3\mario_bros3\x64\debug\main.obj
c:\users\win\desktop\game project\mario_bros3\mario_bros3\x64\debug\gameobject.obj
c:\users\win\desktop\game project\mario_bros3\mario_bros3\x64\debug\debug.obj
c:\users\win\desktop\game project\mario_bros3\mario_bros3\x64\debug\brick.obj
c:\users\win\desktop\game project\mario_bros3\mario_bros3\x64\debug\animations.obj
c:\users\win\desktop\game project\mario_bros3\mario_bros3\x64\debug\animation.obj
c:\users\win\desktop\game project\mario_bros3\mario_bros3\x64\debug\samplekeyeventhandler.obj
c:\users\win\desktop\game project\mario_bros3\mario_bros3\x64\debug\mario.obj
c:\users\win\desktop\game project\mario_bros3\mario_bros3\x64\debug\game.obj
c:\users\win\desktop\game project\mario_bros3\x64\debug\d3dcompiler_43.dll
c:\users\win\desktop\game project\mario_bros3\x64\debug\d3dx9d_43.dll
c:\users\win\desktop\game project\mario_bros3\x64\debug\d3dx10d_43.dll
c:\users\win\desktop\game project\mario_bros3\x64\debug\d3dx11d_43.dll
c:\users\win\desktop\game project\mario_bros3\x64\debug\mario_bros3.pdb
c:\users\win\desktop\game project\mario_bros3\mario_bros3\x64\debug\mario_bros3.tlog\cl.command.1.tlog
c:\users\win\desktop\game project\mario_bros3\mario_bros3\x64\debug\mario_bros3.tlog\cl.read.1.tlog
c:\users\win\desktop\game project\mario_bros3\mario_bros3\x64\debug\mario_bros3.tlog\cl.write.1.tlog
c:\users\win\desktop\game project\mario_bros3\mario_bros3\x64\debug\mario_bros3.tlog\copylocal.read.1u.tlog
c:\users\win\desktop\game project\mario_bros3\mario_bros3\x64\debug\mario_bros3.tlog\copylocal.write.1u.tlog
c:\users\win\desktop\game project\mario_bros3\mario_bros3\x64\debug\mario_bros3.tlog\link-cvtres.read.1.tlog
c:\users\win\desktop\game project\mario_bros3\mario_bros3\x64\debug\mario_bros3.tlog\link-cvtres.write.1.tlog
c:\users\win\desktop\game project\mario_bros3\mario_bros3\x64\debug\mario_bros3.tlog\link-rc.read.1.tlog
c:\users\win\desktop\game project\mario_bros3\mario_bros3\x64\debug\mario_bros3.tlog\link-rc.write.1.tlog
c:\users\win\desktop\game project\mario_bros3\mario_bros3\x64\debug\mario_bros3.tlog\link.command.1.tlog
c:\users\win\desktop\game project\mario_bros3\mario_bros3\x64\debug\mario_bros3.tlog\link.read.1.tlog
c:\users\win\desktop\game project\mario_bros3\mario_bros3\x64\debug\mario_bros3.tlog\link.write.1.tlog
